<?xml version="1.0" encoding="UTF-8"?>
<!-- Generated by org.testng.reporters.JUnitXMLReporter -->
<testsuite hostname="DESKTOP-3Q10494" ignored="0" name="Login Functionality" tests="2" failures="1" timestamp="2024-09-16T00:39:35 IST" time="37.726" errors="0">
  <testcase name="Login" time="17.639" classname="Tests.TestLogin">
    <failure type="java.lang.AssertionError" message="expected [PASS] but found [FAIL]">
      <![CDATA[java.lang.AssertionError: expected [PASS] but found [FAIL]
at Tests.TestLogin.Login(TestLogin.java:64)
at java.util.ArrayList.forEach(ArrayList.java:1259)
... Removed 33 stack frames]]>
    </failure>
  </testcase> <!-- Login -->
  <testcase name="Login" time="10.643" classname="Tests.TestLogin"/>
</testsuite> <!-- Login Functionality -->
